<?xml version="1.0" encoding="UTF-8"?>
<testng-results ignored="0" total="1" passed="1" failed="0" skipped="0">
  <reporter-output>
  </reporter-output>
  <suite started-at="2024-08-16T18:16:18 IST" name="Default Suite" finished-at="2024-08-16T18:16:20 IST" duration-ms="1653">
    <groups>
      <group name="cucumber">
        <method signature="AbstractTestNGCucumberTests.runScenario(io.cucumber.testng.PickleWrapper,io.cucumber.testng.FeatureWrapper)[pri:0, instance:runners.TestRunner@2e3967ea]" name="runScenario" class="io.cucumber.testng.AbstractTestNGCucumberTests"/>
      </group> <!-- cucumber -->
    </groups>
    <test started-at="2024-08-16T18:16:18 IST" name="CucumberTests" finished-at="2024-08-16T18:16:20 IST" duration-ms="1653">
      <class name="runners.TestRunner">
        <test-method is-config="true" signature="setUpClass(org.testng.ITestContext)[pri:0, instance:runners.TestRunner@2e3967ea]" started-at="2024-08-16T18:16:18 IST" name="setUpClass" finished-at="2024-08-16T18:16:19 IST" duration-ms="308" status="PASS">
          <params>
            <param index="0">
              <value>
                <![CDATA[org.testng.TestRunner@77134e08]]>
              </value>
            </param>
          </params>
          <reporter-output>
          </reporter-output>
        </test-method> <!-- setUpClass -->
        <test-method signature="runScenario(io.cucumber.testng.PickleWrapper,io.cucumber.testng.FeatureWrapper)[pri:0, instance:runners.TestRunner@2e3967ea]" started-at="2024-08-16T18:16:19 IST" name="runScenario" description="Runs Cucumber Scenarios" data-provider="scenarios" finished-at="2024-08-16T18:16:19 IST" duration-ms="43" status="PASS">
          <params>
            <param index="0">
              <value>
                <![CDATA["Withdraw cash from account in credit"]]>
              </value>
            </param>
            <param index="1">
              <value>
                <![CDATA["Widraw cash from user account functionality"]]>
              </value>
            </param>
          </params>
          <reporter-output>
          </reporter-output>
        </test-method> <!-- runScenario -->
        <test-method is-config="true" signature="tearDownClass()[pri:0, instance:runners.TestRunner@2e3967ea]" started-at="2024-08-16T18:16:19 IST" name="tearDownClass" finished-at="2024-08-16T18:16:20 IST" duration-ms="1254" status="PASS">
          <reporter-output>
          </reporter-output>
        </test-method> <!-- tearDownClass -->
      </class> <!-- runners.TestRunner -->
    </test> <!-- CucumberTests -->
  </suite> <!-- Default Suite -->
</testng-results>
