<?xml version="1.0" encoding="UTF-8"?>
<testng-results ignored="0" total="1" passed="1" failed="0" skipped="0">
  <reporter-output>
  </reporter-output>
  <suite started-at="2024-08-19T13:27:11 IST" name="Surefire suite" finished-at="2024-08-19T13:27:11 IST" duration-ms="33">
    <groups>
    </groups>
    <test started-at="2024-08-19T13:27:11 IST" name="Surefire test" finished-at="2024-08-19T13:27:11 IST" duration-ms="33">
      <class name="integrationsTests.ChildModuleTest">
        <test-method signature="testingChildModule()[pri:0, instance:integrationsTests.ChildModuleTest@8317c52]" started-at="2024-08-19T13:27:11 IST" name="testingChildModule" finished-at="2024-08-19T13:27:11 IST" duration-ms="4" status="PASS">
          <reporter-output>
          </reporter-output>
        </test-method> <!-- testingChildModule -->
      </class> <!-- integrationsTests.ChildModuleTest -->
    </test> <!-- Surefire test -->
  </suite> <!-- Surefire suite -->
</testng-results>
