<?xml version="1.0" encoding="UTF-8"?>
<testng-results ignored="0" total="3" passed="3" failed="0" skipped="0">
  <reporter-output>
  </reporter-output>
  <suite started-at="2024-08-19T13:27:10 IST" name="Surefire suite" finished-at="2024-08-19T13:27:10 IST" duration-ms="57">
    <groups>
    </groups>
    <test started-at="2024-08-19T13:27:10 IST" name="Surefire test" finished-at="2024-08-19T13:27:10 IST" duration-ms="57">
      <class name="acceptance_tests.Module1_Test">
        <test-method signature="checkingStabilityOfBuild()[pri:0, instance:acceptance_tests.Module1_Test@68e965f5]" started-at="2024-08-19T13:27:10 IST" name="checkingStabilityOfBuild" finished-at="2024-08-19T13:27:10 IST" duration-ms="3" status="PASS">
          <reporter-output>
          </reporter-output>
        </test-method> <!-- checkingStabilityOfBuild -->
        <test-method signature="securityChecksRun()[pri:1, instance:acceptance_tests.Module1_Test@68e965f5]" started-at="2024-08-19T13:27:10 IST" name="securityChecksRun" finished-at="2024-08-19T13:27:10 IST" duration-ms="0" status="PASS">
          <reporter-output>
          </reporter-output>
        </test-method> <!-- securityChecksRun -->
        <test-method signature="performanceChecksRun()[pri:2, instance:acceptance_tests.Module1_Test@68e965f5]" started-at="2024-08-19T13:27:10 IST" name="performanceChecksRun" finished-at="2024-08-19T13:27:10 IST" duration-ms="0" status="PASS">
          <reporter-output>
          </reporter-output>
        </test-method> <!-- performanceChecksRun -->
      </class> <!-- acceptance_tests.Module1_Test -->
    </test> <!-- Surefire test -->
  </suite> <!-- Surefire suite -->
</testng-results>
