<?xml version="1.0" encoding="UTF-8"?>
<testsuite xmlns:xsi="http://www.w3.org/2001/XMLSchema-instance" xsi:noNamespaceSchemaLocation="https://maven.apache.org/surefire/maven-surefire-plugin/xsd/surefire-test-report-3.0.xsd" version="3.0" name="TestSuite" time="2.028" tests="1" errors="0" skipped="0" failures="0">
  <properties>
[...]
</properties>
  <testcase name="runScenario[&quot;Successful login&quot;, &quot;Sample demo for login&quot;](1)" classname="runners.TestRunner_Regression" time="0.043">
    <system-out><![CDATA[
@regression
Scenario: Successful login                           # src/test/resources/features/Login.feature:5
User is on the login page
  Given the user is on the login page                # steps.Login_Step.the_user_is_on_the_login_page()
User enters valid credentials
  When the user enters valid credentials             # steps.Login_Step.the_user_enters_valid_credentials()
User is redirected to the homepage
  Then the user should be redirected to the homepage # steps.Login_Step.the_user_should_be_redirected_to_the_homepage()
]]></system-out>
    <system-err><![CDATA[SLF4J: Failed to load class "org.slf4j.impl.StaticLoggerBinder".
SLF4J: Defaulting to no-operation (NOP) logger implementation
SLF4J: See http://www.slf4j.org/codes.html#StaticLoggerBinder for further details.
]]></system-err>
  </testcase>
</testsuite>